mode: set
parental-control/cmd/parental-control/main.go:19.13,26.18 3 0
parental-control/cmd/parental-control/main.go:26.18,32.3 5 0
parental-control/cmd/parental-control/main.go:35.2,42.23 5 0
parental-control/cmd/parental-control/main.go:42.23,45.3 1 0
parental-control/cmd/parental-control/main.go:48.2,50.36 2 0
parental-control/cmd/parental-control/main.go:50.36,52.3 1 0
parental-control/cmd/parental-control/main.go:55.2,57.34 2 0
parental-control/internal/models/entities.go:92.57,95.2 2 1
parental-control/internal/models/entities.go:98.60,100.2 1 1
parental-control/internal/models/entities.go:103.47,105.16 2 1
parental-control/internal/models/entities.go:105.16,107.3 1 1
parental-control/internal/models/entities.go:108.2,108.12 1 1
parental-control/internal/models/entities.go:133.55,135.2 1 1
parental-control/internal/models/entities.go:149.55,151.2 1 1
parental-control/internal/models/entities.go:154.62,156.19 2 1
parental-control/internal/models/entities.go:156.19,158.3 1 1
parental-control/internal/models/entities.go:159.2,159.18 1 1
parental-control/internal/models/entities.go:193.69,194.22 1 1
parental-control/internal/models/entities.go:194.22,196.3 1 1
parental-control/internal/models/entities.go:198.2,200.21 3 1
parental-control/internal/models/entities.go:204.73,205.20 1 1
parental-control/internal/models/entities.go:205.20,208.3 2 1
parental-control/internal/models/entities.go:210.2,211.16 2 1
parental-control/internal/models/entities.go:211.16,213.3 1 0
parental-control/internal/models/entities.go:215.2,216.12 2 1
parental-control/internal/models/entities.go:233.42,235.2 1 1
parental-control/internal/models/entities.go:241.44,242.19 1 1
parental-control/internal/models/entities.go:242.19,244.3 1 1
parental-control/internal/models/entities.go:246.2,246.19 1 1
parental-control/internal/models/entities.go:246.19,248.3 1 1
parental-control/internal/models/entities.go:250.2,250.71 1 1
parental-control/internal/models/entities.go:254.46,256.2 1 1
parental-control/internal/models/entities.go:259.57,261.2 1 1
parental-control/internal/models/repository.go:137.43,142.2 1 1
parental-control/internal/logging/logger.go:28.35,29.11 1 1
parental-control/internal/logging/logger.go:30.13,31.17 1 1
parental-control/internal/logging/logger.go:32.12,33.16 1 1
parental-control/internal/logging/logger.go:34.12,35.16 1 1
parental-control/internal/logging/logger.go:36.13,37.17 1 1
parental-control/internal/logging/logger.go:38.13,39.17 1 1
parental-control/internal/logging/logger.go:40.10,41.19 1 1
parental-control/internal/logging/logger.go:58.33,59.26 1 1
parental-control/internal/logging/logger.go:59.26,61.3 1 0
parental-control/internal/logging/logger.go:63.2,66.3 1 1
parental-control/internal/logging/logger.go:70.27,75.2 1 1
parental-control/internal/logging/logger.go:78.43,80.2 1 1
parental-control/internal/logging/logger.go:83.53,84.22 1 1
parental-control/internal/logging/logger.go:84.22,86.3 1 1
parental-control/internal/logging/logger.go:90.52,91.21 1 1
parental-control/internal/logging/logger.go:91.21,93.3 1 1
parental-control/internal/logging/logger.go:97.52,98.21 1 1
parental-control/internal/logging/logger.go:98.21,100.3 1 1
parental-control/internal/logging/logger.go:104.53,105.22 1 1
parental-control/internal/logging/logger.go:105.22,107.3 1 1
parental-control/internal/logging/logger.go:111.53,114.2 2 0
parental-control/internal/logging/logger.go:117.67,123.31 3 1
parental-control/internal/logging/logger.go:123.31,125.3 1 1
parental-control/internal/logging/logger.go:127.2,127.27 1 1
parental-control/internal/logging/logger.go:137.32,139.2 1 1
parental-control/internal/logging/logger.go:142.38,144.2 1 1
parental-control/internal/logging/logger.go:147.39,149.2 1 1
parental-control/internal/logging/logger.go:152.41,154.2 1 1
parental-control/internal/logging/logger.go:157.27,159.2 1 0
parental-control/internal/logging/logger.go:162.44,163.27 1 1
parental-control/internal/logging/logger.go:164.14,165.25 1 1
parental-control/internal/logging/logger.go:166.38,167.23 1 1
parental-control/internal/logging/logger.go:168.43,169.23 1 0
parental-control/internal/logging/logger.go:170.24,171.23 1 1
parental-control/internal/logging/logger.go:172.12,173.8 1 1
parental-control/internal/logging/logger.go:173.8,175.4 1 1
parental-control/internal/logging/logger.go:176.3,176.17 1 1
parental-control/internal/logging/logger.go:177.10,178.23 1 0
parental-control/internal/logging/logger.go:186.38,188.2 1 1
parental-control/internal/logging/logger.go:191.32,193.2 1 1
parental-control/internal/logging/logger.go:196.41,198.2 1 0
parental-control/internal/logging/logger.go:200.40,202.2 1 1
parental-control/internal/logging/logger.go:204.40,206.2 1 0
parental-control/internal/logging/logger.go:208.41,210.2 1 0
parental-control/internal/logging/logger.go:212.41,214.2 1 0
parental-control/internal/config/config.go:132.24,173.2 1 1
parental-control/internal/config/config.go:176.49,181.49 2 1
parental-control/internal/config/config.go:181.49,183.3 1 1
parental-control/internal/config/config.go:186.2,187.16 2 1
parental-control/internal/config/config.go:187.16,189.3 1 0
parental-control/internal/config/config.go:192.2,192.53 1 1
parental-control/internal/config/config.go:192.53,194.3 1 1
parental-control/internal/config/config.go:197.2,197.58 1 1
parental-control/internal/config/config.go:197.58,199.3 1 0
parental-control/internal/config/config.go:202.2,202.42 1 1
parental-control/internal/config/config.go:202.42,204.3 1 0
parental-control/internal/config/config.go:206.2,206.20 1 1
parental-control/internal/config/config.go:210.45,213.58 2 1
parental-control/internal/config/config.go:213.58,215.3 1 0
parental-control/internal/config/config.go:217.2,217.42 1 1
parental-control/internal/config/config.go:217.42,219.3 1 0
parental-control/internal/config/config.go:221.2,221.20 1 1
parental-control/internal/config/config.go:225.54,227.56 1 1
parental-control/internal/config/config.go:227.56,229.3 1 1
parental-control/internal/config/config.go:230.2,230.64 1 1
parental-control/internal/config/config.go:230.64,231.59 1 1
parental-control/internal/config/config.go:231.59,233.4 1 1
parental-control/internal/config/config.go:235.2,235.69 1 1
parental-control/internal/config/config.go:235.69,236.59 1 0
parental-control/internal/config/config.go:236.59,238.4 1 0
parental-control/internal/config/config.go:240.2,240.62 1 1
parental-control/internal/config/config.go:240.62,242.3 1 0
parental-control/internal/config/config.go:243.2,243.64 1 1
parental-control/internal/config/config.go:243.64,245.3 1 0
parental-control/internal/config/config.go:248.2,248.53 1 1
parental-control/internal/config/config.go:248.53,250.3 1 1
parental-control/internal/config/config.go:251.2,251.63 1 1
parental-control/internal/config/config.go:251.63,252.54 1 1
parental-control/internal/config/config.go:252.54,254.4 1 1
parental-control/internal/config/config.go:256.2,256.63 1 1
parental-control/internal/config/config.go:256.63,257.54 1 0
parental-control/internal/config/config.go:257.54,259.4 1 0
parental-control/internal/config/config.go:261.2,261.59 1 1
parental-control/internal/config/config.go:261.59,263.3 1 0
parental-control/internal/config/config.go:266.2,266.53 1 1
parental-control/internal/config/config.go:266.53,268.3 1 1
parental-control/internal/config/config.go:269.2,269.54 1 1
parental-control/internal/config/config.go:269.54,271.3 1 1
parental-control/internal/config/config.go:272.2,272.54 1 1
parental-control/internal/config/config.go:272.54,274.3 1 0
parental-control/internal/config/config.go:275.2,275.64 1 1
parental-control/internal/config/config.go:275.64,277.3 1 0
parental-control/internal/config/config.go:278.2,278.61 1 1
parental-control/internal/config/config.go:278.61,280.3 1 0
parental-control/internal/config/config.go:283.2,283.51 1 1
parental-control/internal/config/config.go:283.51,285.3 1 1
parental-control/internal/config/config.go:286.2,286.48 1 1
parental-control/internal/config/config.go:286.48,287.54 1 1
parental-control/internal/config/config.go:287.54,289.4 1 1
parental-control/internal/config/config.go:291.2,291.48 1 1
parental-control/internal/config/config.go:291.48,293.3 1 0
parental-control/internal/config/config.go:294.2,294.54 1 1
parental-control/internal/config/config.go:294.54,296.3 1 0
parental-control/internal/config/config.go:297.2,297.55 1 1
parental-control/internal/config/config.go:297.55,299.3 1 0
parental-control/internal/config/config.go:300.2,300.57 1 1
parental-control/internal/config/config.go:300.57,302.3 1 0
parental-control/internal/config/config.go:303.2,303.56 1 1
parental-control/internal/config/config.go:303.56,305.3 1 0
parental-control/internal/config/config.go:308.2,308.60 1 1
parental-control/internal/config/config.go:308.60,310.3 1 1
parental-control/internal/config/config.go:311.2,311.63 1 1
parental-control/internal/config/config.go:311.63,313.3 1 0
parental-control/internal/config/config.go:314.2,314.63 1 1
parental-control/internal/config/config.go:314.63,316.3 1 0
parental-control/internal/config/config.go:317.2,317.64 1 1
parental-control/internal/config/config.go:317.64,318.59 1 0
parental-control/internal/config/config.go:318.59,320.4 1 0
parental-control/internal/config/config.go:322.2,322.68 1 1
parental-control/internal/config/config.go:322.68,323.54 1 0
parental-control/internal/config/config.go:323.54,325.4 1 0
parental-control/internal/config/config.go:327.2,327.65 1 1
parental-control/internal/config/config.go:327.65,328.59 1 0
parental-control/internal/config/config.go:328.59,330.4 1 0
parental-control/internal/config/config.go:334.2,334.58 1 1
parental-control/internal/config/config.go:334.58,336.3 1 1
parental-control/internal/config/config.go:337.2,337.63 1 1
parental-control/internal/config/config.go:337.63,338.54 1 0
parental-control/internal/config/config.go:338.54,340.4 1 0
parental-control/internal/config/config.go:342.2,342.63 1 1
parental-control/internal/config/config.go:342.63,344.3 1 0
parental-control/internal/config/config.go:345.2,345.68 1 1
parental-control/internal/config/config.go:345.68,347.3 1 0
parental-control/internal/config/config.go:349.2,349.12 1 1
parental-control/internal/config/config.go:353.35,357.29 2 1
parental-control/internal/config/config.go:357.29,359.3 1 1
parental-control/internal/config/config.go:360.2,360.36 1 1
parental-control/internal/config/config.go:360.36,362.3 1 1
parental-control/internal/config/config.go:363.2,363.40 1 1
parental-control/internal/config/config.go:363.40,365.3 1 0
parental-control/internal/config/config.go:366.2,366.35 1 1
parental-control/internal/config/config.go:366.35,368.3 1 0
parental-control/internal/config/config.go:369.2,369.37 1 1
parental-control/internal/config/config.go:369.37,371.3 1 0
parental-control/internal/config/config.go:374.2,374.27 1 1
parental-control/internal/config/config.go:374.27,376.3 1 0
parental-control/internal/config/config.go:377.2,377.34 1 1
parental-control/internal/config/config.go:377.34,379.3 1 0
parental-control/internal/config/config.go:380.2,380.33 1 1
parental-control/internal/config/config.go:380.33,382.3 1 0
parental-control/internal/config/config.go:383.2,383.55 1 1
parental-control/internal/config/config.go:383.55,385.3 1 0
parental-control/internal/config/config.go:388.2,391.55 2 1
parental-control/internal/config/config.go:391.55,393.3 1 1
parental-control/internal/config/config.go:395.2,396.57 2 1
parental-control/internal/config/config.go:396.57,398.3 1 0
parental-control/internal/config/config.go:401.2,401.19 1 1
parental-control/internal/config/config.go:401.19,402.44 1 1
parental-control/internal/config/config.go:402.44,404.4 1 1
parental-control/internal/config/config.go:405.3,405.23 1 1
parental-control/internal/config/config.go:405.23,407.4 1 0
parental-control/internal/config/config.go:408.3,408.23 1 1
parental-control/internal/config/config.go:408.23,409.31 1 1
parental-control/internal/config/config.go:409.31,411.5 1 1
parental-control/internal/config/config.go:412.4,412.30 1 1
parental-control/internal/config/config.go:412.30,414.5 1 1
parental-control/internal/config/config.go:419.2,419.27 1 1
parental-control/internal/config/config.go:419.27,420.37 1 1
parental-control/internal/config/config.go:420.37,422.4 1 1
parental-control/internal/config/config.go:423.3,423.37 1 1
parental-control/internal/config/config.go:423.37,425.4 1 1
parental-control/internal/config/config.go:426.3,426.41 1 1
parental-control/internal/config/config.go:426.41,428.4 1 1
parental-control/internal/config/config.go:430.2,430.36 1 1
parental-control/internal/config/config.go:430.36,432.3 1 0
parental-control/internal/config/config.go:433.2,433.39 1 1
parental-control/internal/config/config.go:433.39,435.3 1 0
parental-control/internal/config/config.go:436.2,436.37 1 1
parental-control/internal/config/config.go:436.37,438.3 1 0
parental-control/internal/config/config.go:441.2,441.26 1 1
parental-control/internal/config/config.go:441.26,442.72 1 1
parental-control/internal/config/config.go:442.72,444.4 1 0
parental-control/internal/config/config.go:445.3,445.37 1 1
parental-control/internal/config/config.go:445.37,447.4 1 0
parental-control/internal/config/config.go:448.3,448.41 1 1
parental-control/internal/config/config.go:448.41,450.4 1 0
parental-control/internal/config/config.go:452.3,452.62 1 1
parental-control/internal/config/config.go:452.62,454.4 1 1
parental-control/internal/config/config.go:457.2,457.21 1 1
parental-control/internal/config/config.go:457.21,459.3 1 1
parental-control/internal/config/config.go:461.2,461.12 1 1
parental-control/internal/config/config.go:465.48,467.62 1 1
parental-control/internal/config/config.go:467.62,469.3 1 0
parental-control/internal/config/config.go:472.2,473.16 2 1
parental-control/internal/config/config.go:473.16,475.3 1 0
parental-control/internal/config/config.go:478.2,478.55 1 1
parental-control/internal/config/config.go:478.55,480.3 1 0
parental-control/internal/config/config.go:482.2,482.12 1 1
parental-control/internal/config/config.go:486.34,489.2 2 1
parental-control/internal/config/config.go:492.51,494.2 1 1
parental-control/internal/config/config.go:497.54,499.2 1 1
parental-control/internal/config/config.go:502.51,504.2 1 1
parental-control/internal/config/config.go:507.43,509.2 1 1
parental-control/internal/config/config.go:512.53,514.2 1 1
parental-control/internal/config/config.go:517.57,519.2 1 1
parental-control/internal/config/config.go:522.47,523.15 1 1
parental-control/internal/config/config.go:523.15,525.3 1 1
parental-control/internal/config/config.go:528.2,528.32 1 1
parental-control/internal/config/config.go:528.32,530.3 1 1
parental-control/internal/config/config.go:533.2,534.58 2 1
parental-control/internal/config/config.go:534.58,536.3 1 1
parental-control/internal/config/config.go:538.2,538.20 1 1
parental-control/internal/database/db.go:43.29,52.2 1 1
parental-control/internal/database/db.go:55.38,58.47 2 1
parental-control/internal/database/db.go:58.47,60.3 1 0
parental-control/internal/database/db.go:63.2,64.22 2 1
parental-control/internal/database/db.go:64.22,66.3 1 1
parental-control/internal/database/db.go:66.8,68.3 1 0
parental-control/internal/database/db.go:71.2,72.16 2 1
parental-control/internal/database/db.go:72.16,74.3 1 0
parental-control/internal/database/db.go:77.2,87.34 5 1
parental-control/internal/database/db.go:87.34,90.3 2 0
parental-control/internal/database/db.go:92.2,94.16 2 1
parental-control/internal/database/db.go:98.28,100.2 1 1
parental-control/internal/database/db.go:103.29,104.20 1 1
parental-control/internal/database/db.go:104.20,107.3 2 1
parental-control/internal/database/db.go:108.2,108.12 1 1
parental-control/internal/database/db.go:112.36,114.2 1 1
parental-control/internal/database/db.go:117.29,119.2 1 1
parental-control/internal/database/db.go:122.40,127.16 3 1
parental-control/internal/database/db.go:127.16,129.3 1 0
parental-control/internal/database/db.go:132.2,132.59 1 1
parental-control/internal/database/db.go:132.59,134.3 1 0
parental-control/internal/database/db.go:136.2,137.12 2 1
parental-control/internal/database/db.go:141.54,150.16 3 1
parental-control/internal/database/db.go:150.16,152.3 1 0
parental-control/internal/database/db.go:154.2,154.13 1 1
parental-control/internal/database/db.go:154.13,156.3 1 1
parental-control/internal/database/db.go:159.2,161.16 3 1
parental-control/internal/database/db.go:161.16,163.3 1 0
parental-control/internal/database/db.go:165.2,165.21 1 1
parental-control/internal/database/db.go:169.57,172.16 2 1
parental-control/internal/database/db.go:172.16,174.3 1 0
parental-control/internal/database/db.go:177.2,177.32 1 1
parental-control/internal/database/db.go:177.32,178.20 1 1
parental-control/internal/database/db.go:178.20,179.12 1 0
parental-control/internal/database/db.go:182.3,186.17 3 1
parental-control/internal/database/db.go:186.17,188.4 1 0
parental-control/internal/database/db.go:190.3,194.17 3 1
parental-control/internal/database/db.go:194.17,196.4 1 0
parental-control/internal/database/db.go:198.3,198.53 1 1
parental-control/internal/database/db.go:198.53,201.4 2 0
parental-control/internal/database/db.go:203.3,203.37 1 1
parental-control/internal/database/db.go:203.37,205.4 1 0
parental-control/internal/database/db.go:207.3,207.83 1 1
parental-control/internal/database/db.go:210.2,210.12 1 1
parental-control/internal/database/db.go:214.35,216.34 1 1
parental-control/internal/database/db.go:216.34,218.3 1 0
parental-control/internal/database/db.go:221.2,222.67 2 1
parental-control/internal/database/db.go:222.67,224.3 1 0
parental-control/internal/database/db.go:227.2,232.39 2 1
parental-control/internal/database/db.go:232.39,240.17 3 1
parental-control/internal/database/db.go:240.17,242.4 1 0
parental-control/internal/database/db.go:244.3,244.14 1 1
parental-control/internal/database/db.go:244.14,246.4 1 1
parental-control/internal/database/db.go:249.2,249.12 1 1
parental-control/internal/database/db.go:253.58,267.47 10 1
parental-control/internal/database/db.go:267.47,270.3 2 1
parental-control/internal/database/db.go:273.2,273.62 1 1
parental-control/internal/database/db.go:273.62,275.3 1 1
parental-control/internal/database/db.go:277.2,277.19 1 1
parental-control/internal/testutil/testutil.go:25.50,39.16 6 1
parental-control/internal/testutil/testutil.go:39.16,41.3 1 0
parental-control/internal/testutil/testutil.go:43.2,43.46 1 1
parental-control/internal/testutil/testutil.go:43.46,46.3 2 0
parental-control/internal/testutil/testutil.go:48.2,52.3 1 1
parental-control/internal/testutil/testutil.go:56.35,57.18 1 1
parental-control/internal/testutil/testutil.go:57.18,59.3 1 1
parental-control/internal/testutil/testutil.go:63.45,72.31 3 1
parental-control/internal/testutil/testutil.go:72.31,74.17 2 1
parental-control/internal/testutil/testutil.go:74.17,76.4 1 0
parental-control/internal/testutil/testutil.go:88.46,106.2 10 1
parental-control/internal/testutil/testutil.go:109.48,112.58 2 1
parental-control/internal/testutil/testutil.go:112.58,114.3 1 0
parental-control/internal/testutil/testutil.go:124.46,139.2 4 1
parental-control/internal/testutil/testutil.go:142.31,145.2 2 1
parental-control/internal/testutil/testutil.go:148.33,151.2 2 1
parental-control/internal/testutil/testutil.go:165.38,262.2 2 1
parental-control/internal/testutil/testutil.go:265.45,267.16 2 1
parental-control/internal/testutil/testutil.go:267.16,269.3 1 0
parental-control/internal/testutil/testutil.go:273.43,275.16 2 1
parental-control/internal/testutil/testutil.go:275.16,277.3 1 0
parental-control/internal/testutil/testutil.go:281.72,283.16 2 1
parental-control/internal/testutil/testutil.go:283.16,285.3 1 0
parental-control/internal/testutil/testutil.go:286.2,286.48 1 1
parental-control/internal/testutil/testutil.go:286.48,288.3 1 0
parental-control/internal/testutil/testutil.go:292.66,294.24 2 1
parental-control/internal/testutil/testutil.go:294.24,296.3 1 0
parental-control/internal/testutil/testutil.go:300.72,302.27 2 1
parental-control/internal/testutil/testutil.go:302.27,304.3 1 0
parental-control/internal/testutil/testutil.go:308.47,310.16 2 1
parental-control/internal/testutil/testutil.go:310.16,312.3 1 0
parental-control/internal/testutil/testutil.go:316.48,318.15 2 1
parental-control/internal/testutil/testutil.go:318.15,320.3 1 0
parental-control/internal/testutil/testutil.go:324.49,326.18 2 1
parental-control/internal/testutil/testutil.go:326.18,328.3 1 1
parental-control/internal/testutil/testutil.go:331.2,332.60 2 1
parental-control/internal/testutil/testutil.go:332.60,334.3 1 1
parental-control/internal/testutil/testutil.go:336.2,336.41 1 0
parental-control/internal/testutil/testutil.go:340.52,342.18 2 1
parental-control/internal/testutil/testutil.go:342.18,344.3 1 0
parental-control/internal/testutil/testutil.go:348.44,350.2 1 1
parental-control/internal/testutil/testutil.go:353.40,354.22 1 1
parental-control/internal/testutil/testutil.go:354.22,356.3 1 1
parental-control/internal/testutil/testutil.go:357.2,357.17 1 1
parental-control/internal/testutil/testutil.go:357.17,359.3 1 1
parental-control/internal/testutil/testutil.go:361.2,361.43 1 1
parental-control/internal/testutil/testutil.go:361.43,362.35 1 1
parental-control/internal/testutil/testutil.go:362.35,364.4 1 1
parental-control/internal/testutil/testutil.go:366.2,366.14 1 1
parental-control/internal/testutil/testutil.go:370.66,372.14 2 1
parental-control/internal/testutil/testutil.go:372.14,374.3 1 1
parental-control/internal/testutil/testutil.go:375.2,375.22 1 1
parental-control/internal/testutil/testutil.go:379.91,381.47 2 1
parental-control/internal/testutil/testutil.go:381.47,383.3 1 0
parental-control/internal/testutil/testutil.go:387.74,389.34 2 1
parental-control/internal/testutil/testutil.go:389.34,390.18 1 1
parental-control/internal/testutil/testutil.go:390.18,392.4 1 1
parental-control/internal/testutil/testutil.go:393.3,393.36 1 1
parental-control/internal/testutil/testutil.go:395.2,395.14 1 1
parental-control/internal/testutil/testutil.go:399.83,401.43 2 1
parental-control/internal/testutil/testutil.go:401.43,403.3 1 0
parental-control/internal/testutil/testutil.go:407.83,418.2 6 1
parental-control/internal/testutil/testutil.go:427.44,429.2 1 1
parental-control/internal/testutil/testutil.go:432.36,434.2 1 1
parental-control/internal/testutil/testutil.go:437.49,440.2 2 1
parental-control/internal/testutil/testutil.go:443.53,444.25 1 1
parental-control/internal/testutil/testutil.go:444.25,446.3 1 1
parental-control/internal/testutil/testutil.go:447.2,447.37 1 1
parental-control/internal/service/service.go:36.39,37.11 1 1
parental-control/internal/service/service.go:38.20,39.19 1 1
parental-control/internal/service/service.go:40.21,41.20 1 1
parental-control/internal/service/service.go:42.20,43.19 1 1
parental-control/internal/service/service.go:44.21,45.20 1 1
parental-control/internal/service/service.go:46.18,47.17 1 1
parental-control/internal/service/service.go:48.10,49.19 1 1
parental-control/internal/service/service.go:66.29,73.2 1 1
parental-control/internal/service/service.go:90.34,100.2 2 1
parental-control/internal/service/service.go:103.33,110.47 4 1
parental-control/internal/service/service.go:110.47,114.3 3 1
parental-control/internal/service/service.go:116.2,116.51 1 1
parental-control/internal/service/service.go:116.51,120.3 3 0
parental-control/internal/service/service.go:122.2,122.41 1 1
parental-control/internal/service/service.go:122.41,126.3 3 0
parental-control/internal/service/service.go:129.2,139.12 5 1
parental-control/internal/service/service.go:143.32,144.34 1 1
parental-control/internal/service/service.go:144.34,146.3 1 1
parental-control/internal/service/service.go:148.2,164.12 9 1
parental-control/internal/service/service.go:168.35,171.33 2 1
parental-control/internal/service/service.go:171.33,173.3 1 0
parental-control/internal/service/service.go:176.2,178.18 2 1
parental-control/internal/service/service.go:182.43,184.2 1 1
parental-control/internal/service/service.go:187.54,201.17 6 1
parental-control/internal/service/service.go:201.17,203.17 2 1
parental-control/internal/service/service.go:203.17,205.4 1 1
parental-control/internal/service/service.go:208.2,208.15 1 1
parental-control/internal/service/service.go:212.37,213.34 1 1
parental-control/internal/service/service.go:213.34,215.3 1 1
parental-control/internal/service/service.go:218.2,218.17 1 1
parental-control/internal/service/service.go:218.17,219.44 1 1
parental-control/internal/service/service.go:219.44,221.4 1 1
parental-control/internal/service/service.go:224.2,224.12 1 1
parental-control/internal/service/service.go:228.26,230.2 1 1
parental-control/internal/service/service.go:233.46,237.16 3 1
parental-control/internal/service/service.go:237.16,239.3 1 1
parental-control/internal/service/service.go:241.2,241.46 1 1
parental-control/internal/service/service.go:241.46,244.3 2 0
parental-control/internal/service/service.go:246.2,249.12 3 1
parental-control/internal/service/service.go:253.50,264.2 4 1
parental-control/internal/service/service.go:267.40,269.50 2 1
parental-control/internal/service/service.go:269.50,271.3 1 0
parental-control/internal/service/service.go:273.2,276.77 3 1
parental-control/internal/service/service.go:276.77,278.3 1 0
parental-control/internal/service/service.go:280.2,281.12 2 1
parental-control/internal/service/service.go:285.35,286.75 1 1
parental-control/internal/service/service.go:286.75,288.3 1 0
parental-control/internal/service/service.go:288.8,290.3 1 1
parental-control/internal/service/service.go:294.41,298.12 3 1
parental-control/internal/service/service.go:298.12,302.34 3 1
parental-control/internal/service/service.go:302.34,305.4 2 0
parental-control/internal/service/service.go:310.40,314.6 3 1
parental-control/internal/service/service.go:314.6,315.10 1 1
parental-control/internal/service/service.go:316.23,317.10 1 1
parental-control/internal/service/service.go:318.19,319.40 1 1
parental-control/internal/service/service.go:319.40,322.5 2 1
parental-control/internal/service/service.go:328.48,332.17 2 1
parental-control/internal/service/service.go:332.17,333.38 1 1
parental-control/internal/service/service.go:333.38,335.4 1 0
parental-control/internal/service/service.go:339.2,341.35 2 1
parental-control/internal/service/service.go:345.48,352.23 5 1
parental-control/internal/service/service.go:352.23,356.3 1 1
parental-control/internal/service/service.go:360.43,364.2 3 1
parental-control/internal/service/service.go:367.39,374.24 4 1
parental-control/internal/service/service.go:374.24,376.3 1 0
